TN:
SF:project_smart_warehouse_management\__init__.py
DA:1,1,1B2M2Y8AsgTpgAmY7PhCfg
LF:0
LH:0
end_of_record
TN:
SF:project_smart_warehouse_management\toolbox\__init__.py
DA:1,1,1B2M2Y8AsgTpgAmY7PhCfg
LF:0
LH:0
end_of_record
TN:
SF:project_smart_warehouse_management\toolbox\inventory\__init__.py
DA:1,1,1B2M2Y8AsgTpgAmY7PhCfg
LF:0
LH:0
end_of_record
TN:
SF:project_smart_warehouse_management\toolbox\inventory\category_tree.py
DA:1,1,mUDsnWRiqW9R9nTILGKIZg
DA:2,1,7Z9Lj4ed27Wf2hBX6jooEA
DA:5,1,7QIkgVa+K2IxpN+1jSzrbw
DA:8,1,VyvqnlydDwvLIpyQ0wiYpw
DA:9,1,oS+3VSVuLKsYlddvCwx7Ew
DA:11,1,u97LZ9ISYwKCQS+f1tkNDg
DA:12,1,yB7hQkTv+9gQnuUe9dmr8A
DA:15,1,DBgUdHi2TrhAQzhWmlCmGg
DA:16,1,1QffjfWD6lVL+YEl6WIOqA
DA:17,1,7N6llIKVksKjmwCir4ZrDw
DA:18,1,Eo4grxOETr9ViMePThWEEw
DA:19,1,NFd+4ksVSUi3czXypPlJWw
DA:20,1,tmQwJMB65v159HPUXcyCxQ
DA:23,1,nzPfgadGy0MgwW/jOQ5YSQ
DA:24,1,gFdnwIzxJ64X+nD2UauP7A
DA:25,1,UuThkhRurxgX5NV+F1jAJw
DA:28,1,jCKC5qw35FT2sb9N2mNwew
DA:29,1,+NAVRk2INNlxEg2z5s8yGA
DA:30,1,0fxOPoHeRyXEFve8r6hbeg
DA:31,1,g9JAaEPXNwa1y2ogOalP+Q
DA:33,1,vOcZfTxYCfv95lp5NlyDLA
DA:36,1,3nLhbp/e3CQtcyYaHS//Ww
DA:37,1,QqzUxeo8VRP8DyR+VvoPUA
DA:38,1,KyDv4oM4GaBho2DgQJb1aQ
DA:39,1,PsJ5sgSGnrBz+mY2dqNvbA
DA:46,1,JfSNg06tRdo69zrWpIV//A
DA:47,1,8IXsB/Kz8/DaHv4s88HNTA
DA:48,1,SyFvgAwW1fXKL1ctTjyFlw
DA:50,1,Sju6AalAqLxWcf+A8n4acQ
DA:52,1,4NjclK6kh/0n1j0AL67Nhg
DA:53,1,wOAgnQNN4z7wqj7h1BwSag
DA:56,1,TG/ztCdHVesd/OkUqeZI6w
DA:57,1,buRRdCLd7XaiqLT81IsWIg
DA:58,1,Dwjd91USmMoWKfkSCVg/jg
DA:59,1,QqzUxeo8VRP8DyR+VvoPUA
DA:60,1,0tkOjCJkeKsefopYamA44A
DA:61,1,PsJ5sgSGnrBz+mY2dqNvbA
DA:62,1,spydZSecIAVDVUeQ2zo+zg
DA:64,1,EikOH6n7F+Xdow5fyp7ndg
DA:67,1,k013dV7jO5e9/p5toFODEA
DA:68,1,H95GJtWQAVHDQZ+nCs/K2A
DA:69,1,7YkHhbnVqQIGYbmTuyeqLg
DA:70,1,cPa3dAsIk+eSRfSpgwNsyg
DA:73,1,frLbFtJjsO5eQ6zVknJV3g
DA:74,1,buRRdCLd7XaiqLT81IsWIg
DA:75,1,MnzpXe1veqpfA7nIMRo0OA
DA:76,1,yoecRa9OszsvzzwR5OFpwQ
DA:77,1,P/9zbnhMMKO1kZfi+k7nag
DA:78,1,1wS8QGUt4A1FpTTRH40xXQ
DA:79,1,6tsMlzO/k785JNCkNGzTcA
DA:80,1,S/QP9DhLjXoTpW2GZc9mRA
DA:81,1,hcAHgvLb2dtWBECp4GFZoQ
DA:82,1,kd0j/wAMrVtpqYTtkKrg5w
DA:85,1,s3IRIqL5S/8qiSBb3bebSQ
DA:86,1,g67dEFr15jpCBtKZBYnAUQ
DA:89,1,XVsnNWScjn4ipqjKhV2FPA
DA:90,1,buRRdCLd7XaiqLT81IsWIg
DA:91,1,Dwjd91USmMoWKfkSCVg/jg
DA:92,1,yoecRa9OszsvzzwR5OFpwQ
DA:93,1,P/9zbnhMMKO1kZfi+k7nag
DA:94,1,pS3SkWBan1wnawMM3Fe72Q
DA:95,1,YOHDPiZ/bxXsXd476ylXQg
DA:96,1,S/QP9DhLjXoTpW2GZc9mRA
DA:97,1,4rN9qehFJ9TKskzHEdYOrA
DA:98,1,vKW7K9M79BlWxx/XqtIAjQ
DA:100,1,r0/aTWSKt3ijOs8ndIhhYA
DA:103,1,0eaIr1dtXoyLqPD2q9uKvg
DA:111,1,J01OWVquta9oUdfjX6PYWg
DA:112,1,GE9wpwQSv6vFA8zG+Yd4DQ
DA:115,1,o4Q5LNCZYh+K/RXgdr9ySA
DA:116,1,buRRdCLd7XaiqLT81IsWIg
DA:119,1,yoecRa9OszsvzzwR5OFpwQ
DA:120,1,P/9zbnhMMKO1kZfi+k7nag
DA:121,1,pS3SkWBan1wnawMM3Fe72Q
DA:122,1,AfwQQFT3YlI+n0SLcu4wAg
DA:123,1,lhuuvbQAGRyAEZMvNB/JXA
DA:124,1,VaW1i3plgLC6iQJwzbL4tQ
DA:133,1,ghnU3kLw73VM/G32NKVV1g
DA:134,1,hTncNe1Glq6Bq8jX+E34+A
DA:135,1,Dwjd91USmMoWKfkSCVg/jg
DA:136,1,9Mp4BcUXfKA3nr2xrWBMUw
DA:137,1,9THsUyBSB9PBPUCF54NTIw
DA:149,1,WokE271q9QQvIMFkptVfaA
DA:156,1,leWPu3a92U46XgI3/MVg5A
DA:165,1,8w03Psim2/pK9ci0aMoMaw
DA:166,1,buRRdCLd7XaiqLT81IsWIg
DA:167,1,MnzpXe1veqpfA7nIMRo0OA
DA:168,1,+J8ty3OnOWzWyMVQkpoXRA
DA:169,1,Tnc+TqjkC8NqRJmFQu1e5w
DA:170,1,ymEuNgmP/VVWktr3jlcZdA
DA:171,1,9PdQH31NMXPxclfrPdiffw
DA:172,1,6OfHFIrb7eDuJuFiNqzR3g
DA:40,0,zTheeY03wB5Atm5lQexPAw
DA:41,0,4q+t8hWN/M3nWTeuTJaAAg
DA:42,0,KWZllJctYStJcivZ49yMPQ
DA:44,0,gfHLiSlGanVUODSUFejtuA
DA:99,0,zns6I1AabvrcaUN4tjrq2A
DA:104,0,ymr0p6poJv8lCF8nhJXXRw
DA:105,0,opKLyDcfc2a3gNk6K315Cw
DA:106,0,LjKtEMdwavppHd4MUt9Hvw
DA:107,0,z1FY6hyPBCbZwMZY9KnRLg
DA:108,0,W/g8GJDAYJkSSurt59Mzfw
DA:117,0,Dwjd91USmMoWKfkSCVg/jg
DA:125,0,s/tttlr1S6RTbrVTGzRLjA
DA:126,0,S/QP9DhLjXoTpW2GZc9mRA
DA:128,0,HCSAcNF+278Y2dS1xnEEcg
DA:129,0,+6WgvBFrXpbYOrjmefd0qA
DA:130,0,Xis2CErIXbkhGAQzNnOfNA
DA:138,0,UNv9RLzv+KUmKN486WRDfA
DA:139,0,yOJUTPgsn8bblEf0n8VEdw
DA:142,0,2/gvVJP2FQOt+c/PDx4QnQ
DA:143,0,O6wGYdCPvTxhBveWfYI5Gg
DA:144,0,0hAShUOXly2qWwj3EpRxYQ
DA:145,0,uhziuACVUP5ecw/HKfn8Ng
DA:146,0,Xis2CErIXbkhGAQzNnOfNA
DA:150,0,dF3nde52X5M6mqFs6xrxMQ
DA:151,0,0UaZaNxvIvKqEHnJZbQoDw
DA:152,0,THUaJ31fmw3bPECzmyDKDw
DA:153,0,Gu5DJbIn7dGKl36gCI27JQ
DA:157,0,Lz73HySVS+VWNCLjJJJ2Pw
DA:158,0,wxfGZun0i3O3GbiFjYXr+w
DA:159,0,H95GJtWQAVHDQZ+nCs/K2A
DA:160,0,8LiR+p4Fx6v7KJR5SA3ZbQ
DA:161,0,+JNcWgUVC/1HgqSV1RMlSw
DA:162,0,/NhWxHTMltW7LvupLTyj3A
LF:125
LH:92
end_of_record
TN:
SF:project_smart_warehouse_management\toolbox\inventory\item.py
DA:1,1,gRHjawkciFUavd6j4zLvOw
DA:4,1,rEsGfdC26L5niwpRfH666g
DA:5,1,iTLoa58m4S+BMGDFGA1iUg
DA:6,1,hJOZnrNYLzUYltmbEuHjRQ
DA:7,1,LX8gchsL0Az/jHdX6bA19g
DA:10,1,A3jQMr8Pf4I/lbYBbDZIvQ
DA:11,1,eRisDBJQSvKR1afu8C6gbw
DA:12,1,HVkqSuxvMOFESn+OT2p/Sg
DA:13,1,PQZ0kWLUwZg3L1592GjKKA
DA:16,1,JvU0fiz9XsAmmpUmvsZtxg
DA:17,1,twgtgiuPCYGRff3hcs2+6g
DA:18,1,+Xnc5UM68QQz8soYoI2QxA
DA:19,1,xKlW084Di6LKUC8jo1pvdA
DA:20,1,1UA+O+mGOs5rg6d+vA+JWQ
DA:21,1,Ep0b/eC+gr++Nf44g6aNhA
DA:22,1,F6Jh0tdP/7QMFB7n8NSqlQ
DA:25,1,GJPDQGaguJwOJmbL3MX44w
DA:29,1,leWPu3a92U46XgI3/MVg5A
DA:26,0,H9DrFkcE0ZL3GV5KoSgDnQ
DA:30,0,jbXKLPKtWfdKQXPWGosq7w
LF:20
LH:18
end_of_record
TN:
SF:project_smart_warehouse_management\toolbox\inventory\linked_list.py
DA:1,1,mUDsnWRiqW9R9nTILGKIZg
DA:2,1,7Z9Lj4ed27Wf2hBX6jooEA
DA:5,1,7QIkgVa+K2IxpN+1jSzrbw
DA:8,1,VyvqnlydDwvLIpyQ0wiYpw
DA:9,1,oS+3VSVuLKsYlddvCwx7Ew
DA:11,1,y2gz+/0vN3iL9V1Bms1W5w
DA:14,1,K/jFLDdw7IZzuW6zrOiCZg
DA:15,1,w5oFNIsyf5tbaga/IKkbUA
DA:16,1,tFBS83RoI7aiBgezgiA6kA
DA:17,1,WHbF+pDk1x5wsfKs+nHaFg
DA:20,1,tfLe9ufr917R09SSJJ/1LA
DA:21,1,gFdnwIzxJ64X+nD2UauP7A
DA:22,1,10+AIyzk0cdhPVvQOMUoPA
DA:25,1,vGdwUi/bk+H1thNT5sDIJQ
DA:26,1,e+KcYZLCGj/flRQD4N1tjA
DA:27,1,Cn5ywR7b3ez7+nG4BuaDHg
DA:28,1,pfziXkEkAJ3cu75n5b/dYQ
DA:34,1,RfeBnpc7zjduHe0BQbsUFg
DA:35,1,dTJBIw8uVNlvgi2CUoGXsg
DA:36,1,prCqeqaz5OlMdkWnMxi2+g
DA:37,1,U5RviOOaDjKEKLEJlMiKBQ
DA:38,1,maMiF4ZDD3br8l+GlTu0sQ
DA:39,1,S/QP9DhLjXoTpW2GZc9mRA
DA:40,1,T1CR+qPfbXCNgHsGxnOMfg
DA:41,1,HybC3wNXV1UYHL7oJbSGUw
DA:42,1,C2UjpJQwKKgYwZpQ1AE5Iw
DA:44,1,8T9ZWz3lGqzEW3bIn5G7jw
DA:47,1,xH96fAsyc+GAgN3sMDik7w
DA:48,1,dTJBIw8uVNlvgi2CUoGXsg
DA:49,1,P/9zbnhMMKO1kZfi+k7nag
DA:50,1,ahe2LjifslrpiU7eCEn5vA
DA:51,1,eCCjYTRalg/+JmkQwXHz+A
DA:52,1,LyRYBTs0Ub+zqAZx1q+cHA
DA:53,1,S/QP9DhLjXoTpW2GZc9mRA
DA:56,1,leWPu3a92U46XgI3/MVg5A
DA:64,1,HiCiDUewEawwtwlpgaW5Qg
DA:65,1,zaJwfNPoAStKqj2drc3kHA
DA:68,1,lv3K3LysdZNq0WXrtbsPeQ
DA:69,1,dTJBIw8uVNlvgi2CUoGXsg
DA:70,1,P/9zbnhMMKO1kZfi+k7nag
DA:71,1,P0JQP64C2Tq5jJ+VhU+8TQ
DA:72,1,h9/BToR7QnmnMd7qcKYtMg
DA:73,1,4jBGnp4TLGwB7dByvKhAoQ
DA:75,1,4/t4ukZj/KTYd52uzk+xBw
DA:77,1,+0PT9zltyvCqdJJ460HwSA
DA:78,1,DAjriDFOimhJysZx12TxBQ
DA:79,1,8KwUFyfUN4TV9t065ukMmQ
DA:80,1,S2VPnssnltP+GqdH2okQ/g
DA:82,1,bZLaJXzaQ5/2mjOAA16XIQ
DA:83,1,BZDAEBoc4zFiDn6bWS+O/g
DA:84,1,S/QP9DhLjXoTpW2GZc9mRA
DA:86,1,+8pnSFGtXDCKVWGgVA6nEw
DA:87,1,8qXcznW3TKKu+WGkATgx3A
DA:88,1,NAM4ufl8prcawwQf0vcufA
DA:92,1,14/FJ08LgnjasFiR9+VXyg
DA:93,1,dTJBIw8uVNlvgi2CUoGXsg
DA:94,1,P/9zbnhMMKO1kZfi+k7nag
DA:95,1,Chb1q6iv6WlnNNO1hptBrg
DA:96,1,S/QP9DhLjXoTpW2GZc9mRA
DA:57,0,ByJ15HYJQ6kU2tPag9FnMA
DA:58,0,dTJBIw8uVNlvgi2CUoGXsg
DA:59,0,P/9zbnhMMKO1kZfi+k7nag
DA:60,0,0sQBMXisBAC9jIbNHP85qQ
DA:61,0,S/QP9DhLjXoTpW2GZc9mRA
DA:62,0,r9DjOWzxDFDYwqod9iUkww
DA:66,0,MnzpXe1veqpfA7nIMRo0OA
LF:66
LH:59
end_of_record
TN:
SF:project_smart_warehouse_management\toolbox\restock\__init__.py
DA:1,1,1B2M2Y8AsgTpgAmY7PhCfg
LF:0
LH:0
end_of_record
TN:
SF:project_smart_warehouse_management\toolbox\restock\priority_list.py
DA:3,1,lYDnrQUbL3HD3qYav1I5Cw
DA:4,1,gFdnwIzxJ64X+nD2UauP7A
DA:5,1,duDxlnQQA94bpKgA4iJ8NQ
DA:7,1,dERUkTEIRsdv0b6thway2Q
DA:8,1,MOeaAeZp/k/l8N2aEp9QUQ
DA:9,1,lmeuL9yyfFzXI9e7ixmLGw
DA:11,1,RPHJtJ0S184MV6zjE1jwHg
DA:12,1,5XQ9XJ835iM9q539TTQnIQ
DA:13,1,Dwjd91USmMoWKfkSCVg/jg
DA:14,1,eaNAP7DPAMToCUkxw4/6BQ
DA:15,1,D3g2ttp4QoZlxFcrctAOTA
DA:16,1,rA2ZSGRR2SldPeSxx81jjA
DA:17,1,aBTXDAPP2BHFsIM7hRbqhA
DA:18,1,uMcCUr0PkYIBBsL51v6ZiQ
DA:19,1,8hcHZzWncM4iLNEoPnGeJQ
DA:21,1,FrOdiNX9VZ39PbtkZJWSrA
DA:22,1,uMRlC6L/xINe7krxusblUw
DA:23,1,tP3QTIS11ROrB16emdOwwA
DA:24,1,D7N5CfzlX6W1UXiaNs4k3w
DA:25,1,5uwTZ1ersHlempMp8ahyVw
DA:27,1,pYInKQB97oEKJcvnx+GFkg
DA:28,1,bl+smDk5xuOm1BToaHGoaA
DA:29,1,26SiGqU5nespVUltvjy+uQ
DA:30,1,83q+kT0BAl7ZhLcn9eYwKQ
DA:32,1,C4vjbhFOAUzHHwSJhV8K5A
DA:33,1,FLwalMH6B5mNVKq/GEUB6w
DA:34,1,gEKKPyHltGMsnH8eM0I8GA
DA:35,1,LTjIIGMaP9yzDAek0/d+1w
DA:36,1,GMgVaxgBqS+tXDr4EUYBAA
DA:37,1,Y9FF1R92hn8dxgmbuLJDPQ
DA:38,1,6dZnPM4ZbiH/6p6YtX8+Ew
DA:40,1,koPH6JqpDrymzd/NTePbUA
DA:41,1,EtxrVLXJoS3p7R8MUWJfWg
DA:43,1,leWPu3a92U46XgI3/MVg5A
DA:44,1,sRrIx5+Aup/YvzVeddu4Yg
LF:35
LH:35
end_of_record
TN:
SF:project_smart_warehouse_management\toolbox\restock\restock.py
DA:1,1,7Z9Lj4ed27Wf2hBX6jooEA
DA:2,1,mUDsnWRiqW9R9nTILGKIZg
DA:5,1,7QIkgVa+K2IxpN+1jSzrbw
DA:8,1,2KtneHtYKJyRAcUu34XbXA
DA:9,1,oS+3VSVuLKsYlddvCwx7Ew
DA:12,1,JaRvS0mKOW7sZ5dgqsVAjg
DA:15,1,8U/12nQTyWxdBT14yscl2w
DA:16,1,QKU7w0B99Q2/Xyn4azrY0A
DA:17,1,PSIhaFivJER+P3r9hBUzyQ
DA:18,1,qHe4Y5nnytKvR5OzBk5i1A
DA:19,1,IIizUET6hPuMvDYdk6todQ
DA:20,1,gXpkDyTcpxFwFE36OUKRUg
DA:21,1,zoW38ed7QZ+pqe402KkNNQ
DA:22,1,jTbyII5Btlo/oWRk2ygzLw
LF:14
LH:14
end_of_record
TN:
SF:project_smart_warehouse_management\toolbox\utils\__init__.py
DA:1,1,1B2M2Y8AsgTpgAmY7PhCfg
LF:0
LH:0
end_of_record
TN:
SF:project_smart_warehouse_management\toolbox\utils\loader.py
DA:1,1,OThKZS33aB62FNoVoH02IA
DA:2,1,mUDsnWRiqW9R9nTILGKIZg
DA:3,1,7Z9Lj4ed27Wf2hBX6jooEA
DA:6,1,7QIkgVa+K2IxpN+1jSzrbw
DA:9,1,A5DfS4lzF78Eoc7dxE4ivg
DA:10,1,yQVOOklgbQv/CtyvX0CYaA
DA:13,1,denMzN9V8O8Hghtkw7KHTQ
DA:15,1,lFFoH4k8SeA0ky9wnfSLcw
DA:17,1,2VytaTORxyLp43WAyIqweQ
DA:20,1,lTVYq0JuIk5OXAd16GrPYQ
DA:21,1,FWEO0HDDzRya51vFbsnotA
DA:22,1,72MiTU61K/jJojx968Cu6w
DA:23,1,jgBQ8WPmZqJbN18CMsQXJQ
DA:24,1,rdiSPQHcKS5Z1VP/BjGfBw
DA:26,1,320GotYP3akChvNo0qgSnQ
DA:33,1,9i0dLRpBE6bpZAK+wMpaYg
DA:34,1,96Ftj9/+nn7aGrO0MDezlQ
DA:35,1,YGVC55LZ5Q2Jxr56hv6aug
DA:37,1,C5M3qpKwZnI0d8JcVLz3Vw
DA:38,1,4brZ14i5NGaIaHekRfaWXg
DA:39,1,EX6HdDqQWf7fJFzblriV0Q
DA:41,1,O8tEeXfTMWSXr+7xIu4MoA
DA:42,1,qHe4Y5nnytKvR5OzBk5i1A
DA:43,1,qETqoaEwJiQ2DuckSV4fRw
DA:44,1,pN9DLH9SUSOJAazuXpzV/Q
DA:45,1,sNG4yI8MkCtP6zU3o8031A
DA:46,1,96Ftj9/+nn7aGrO0MDezlQ
DA:47,1,5wYyOGTuhUfWPDoCqcsDmw
LF:28
LH:28
end_of_record
TN:
SF:tests\__init__.py
DA:1,1,1B2M2Y8AsgTpgAmY7PhCfg
LF:0
LH:0
end_of_record
TN:
SF:tests\test_inventory\__init__.py
DA:1,1,1B2M2Y8AsgTpgAmY7PhCfg
LF:0
LH:0
end_of_record
TN:
SF:tests\test_inventory\test_category_tree.py
DA:1,1,E/tvV9JPVDhEcTCkgrwOFw
DA:2,1,mUDsnWRiqW9R9nTILGKIZg
DA:3,1,7Z9Lj4ed27Wf2hBX6jooEA
DA:6,1,7QIkgVa+K2IxpN+1jSzrbw
DA:9,1,A5DfS4lzF78Eoc7dxE4ivg
DA:10,1,yQVOOklgbQv/CtyvX0CYaA
DA:13,1,VUMUutkeb7RMrXcXg8qcxA
DA:14,1,lFFoH4k8SeA0ky9wnfSLcw
DA:18,1,kaj6DIs8DwdilaObPpbJMA
DA:20,1,WbzkXkBmpeE5Z8gSlIfuvA
DA:22,1,wLfxRZ7wPofIk8oEZ+oAvg
DA:23,1,GaVi645futA2TM/z3G9euw
DA:24,1,67jElD475XVWoULNZ3pn6A
DA:25,1,ooQHFtiqXnXKCEiye9nT1Q
DA:26,1,D8CTtBBJfITqrlmtqPTlag
DA:28,1,n58efx34rjHhpTq2vLFRiQ
DA:30,1,CjP1AZyHak/NFnl69cekpQ
DA:31,1,66qpNxWo4YLlGHvt9/jM0g
DA:32,1,S8qmbh3rVEPWyGom2lT9yQ
DA:34,1,BCQKhn4EfHEVQ3g699a5iQ
DA:35,1,i4FP7uP+aKYt70Elfk0yhg
DA:36,1,Gvn9ZhSVs669sKlwW7m0fA
DA:38,1,kDETj9PP6ebrh6SMrC1FnQ
DA:40,1,OZiAT7/S+PR5YcdreO7ciQ
DA:41,1,6MDaHiCuSMQupjsM+CgQBQ
DA:42,1,sUJkGLWlxJ0D09S96YhXuA
DA:44,1,FQK6KuGo0Yu9XlGQVsoJmQ
DA:46,1,Sy9EMPJ3AfyrSwjBGiZsVw
DA:47,1,Ld+gfLYzl9nK9hmraBJE6w
DA:49,1,tqDZiBay56pz9YDkuhpZUQ
DA:50,1,Zt0x/yT58d4RFXaHAF8wCA
DA:52,1,+qWAThQBVorASIwBt2CuwA
DA:54,1,XQgh/kTvQ1vF59S3kvahqA
DA:55,1,bZ+nYKiD2zyRG48zwp3DBw
DA:57,1,o2exULhzq9Mtcfke8WHd1g
DA:58,1,5f6h9X/ym6qpME4l+xVJSw
DA:61,1,u1qDoqVdI8+j0Dv7Ymyt+A
DA:62,1,yQ20TC/fB+use0faYtnavw
DA:64,1,7B9LKOfDBdIC1TxEUhUFHg
DA:65,1,5f6h9X/ym6qpME4l+xVJSw
DA:68,1,vxjlH/KurlVdrYdKg9Bugg
DA:70,1,Lz73HySVS+VWNCLjJJJ2Pw
DA:71,1,H3uXaXB165kpCGF2LhjoQA
DA:74,1,smcg5DqpUpTD/+5eR8o3sw
DA:75,1,1eEeLuz34XRxgg9XctV97g
DA:76,1,8PqplPgXM3Wxg4j+BhswcQ
DA:77,1,2/M+BKuIlH7tUZpEMKoSBA
DA:78,1,0W6xwAqA7FZPgnSIiDCNpg
DA:82,1,PCd+tTkojc+/9k3Gg2wfWw
DA:59,0,cu5k07oAixiFzAKOjmx7XQ
DA:66,0,fp2wBvEhm67xVNVYU5uVXw
DA:83,0,APy8sv1vBVX6MHZCmVJsgw
LF:52
LH:49
end_of_record
TN:
SF:tests\test_inventory\test_item.py
DA:1,1,E/tvV9JPVDhEcTCkgrwOFw
DA:2,1,mUDsnWRiqW9R9nTILGKIZg
DA:3,1,7Z9Lj4ed27Wf2hBX6jooEA
DA:6,1,7QIkgVa+K2IxpN+1jSzrbw
DA:9,1,A5DfS4lzF78Eoc7dxE4ivg
DA:10,1,yQVOOklgbQv/CtyvX0CYaA
DA:13,1,VUMUutkeb7RMrXcXg8qcxA
DA:15,1,tKuR9XdaBEHrIJjUpB5y8g
DA:17,1,3m+m0w1KHJ7EJ6SbQAO/mA
DA:19,1,COqPfEu8jDAhRDd6NYGHpA
DA:20,1,J0QetupwDR+xgeynI0bzxg
DA:21,1,RvKZ3+z5TEBMI3fJ9asejw
DA:22,1,IDIxCltMjnCE8ahCyDZdWg
DA:23,1,HhNuBVzs2hWEUAJkt2BHVQ
DA:24,1,3dUfOzD3dLj+WONtllHDQg
DA:26,1,PCd+tTkojc+/9k3Gg2wfWw
DA:27,0,APy8sv1vBVX6MHZCmVJsgw
LF:17
LH:16
end_of_record
TN:
SF:tests\test_inventory\test_linked_list.py
DA:1,1,E/tvV9JPVDhEcTCkgrwOFw
DA:2,1,mUDsnWRiqW9R9nTILGKIZg
DA:3,1,7Z9Lj4ed27Wf2hBX6jooEA
DA:6,1,7QIkgVa+K2IxpN+1jSzrbw
DA:9,1,A5DfS4lzF78Eoc7dxE4ivg
DA:10,1,yQVOOklgbQv/CtyvX0CYaA
DA:13,1,VUMUutkeb7RMrXcXg8qcxA
DA:14,1,XQZY/mN1L9o3Qfo4Dp/Mog
DA:19,1,cK08L87oNm5PXEp1554Iaw
DA:21,1,WbzkXkBmpeE5Z8gSlIfuvA
DA:23,1,wLfxRZ7wPofIk8oEZ+oAvg
DA:24,1,GaVi645futA2TM/z3G9euw
DA:25,1,6rOA4EgDeBl87I/5+vYX+A
DA:26,1,M3DCCv2gngtXxQKFlyt4YQ
DA:27,1,m9Ng8MVhbUDUvURbzYLwlw
DA:29,1,O7uAXHMwU4crh8+45XtiYg
DA:31,1,1z+R7Q0/wsptnXejblXEiQ
DA:32,1,R44eZD3jYwnPSoMFey9I3w
DA:33,1,WtaIe331rcPgcaw9C96wRQ
DA:35,1,Ir9VhiDIcCBx3o5e309NOQ
DA:37,1,XhjGPA/pficznCBdVHp42Q
DA:38,1,1z+R7Q0/wsptnXejblXEiQ
DA:39,1,5txBC7yXgy0HM9VW2UtSag
DA:41,1,s6Plw6h2ZZbf7UteS+Cb9Q
DA:43,1,glN6/2fWH84saKLuLoxSsA
DA:44,1,YrQXvIyBs1nVaxzA+JgPtA
DA:46,1,5pvGvBNcRnJQnTRRjcHrOg
DA:48,1,j968HfNdLTKTb6KhEkOOgw
DA:49,1,hfLsCV1AVp3jaGT2hQuuvQ
DA:50,1,7tHhm7z00YqXJWkxcJc9OA
DA:52,1,QXosTUeOrLu5QXnaoxXtcg
DA:54,1,J1n/NK/G9GjmsvF85t1Z/Q
DA:55,1,WmLx7opqlZTfBKP0ZbvXOg
DA:56,1,Mg4SiETzBhgYFkFKxnD8zg
DA:58,1,VowIB6mkVO1Nld8PUppBaw
DA:60,1,p3WE61wbzlab1FmoSavilA
DA:61,1,gtogaNIml8sp5xyvLzNoig
DA:62,1,Mg4SiETzBhgYFkFKxnD8zg
DA:63,1,7tHhm7z00YqXJWkxcJc9OA
DA:66,1,51hYq+rSjZUblWHp2MaoGg
DA:68,1,v6/PRje4/XkSG1qsvcuQsg
DA:69,1,gtogaNIml8sp5xyvLzNoig
DA:70,1,49PpZvcSnqD7b+xxpUoIeg
DA:71,1,lcjTw5rkxSL15UW5iSImuw
DA:72,1,S/QP9DhLjXoTpW2GZc9mRA
DA:73,1,QICRep/vWnxsr92T3Oe4eQ
DA:75,1,rWYQ6XbbMShoBQPnXZi5Og
DA:77,1,K+ziLlAk9hkEHeiD7sc+Yw
DA:78,1,GZHHly50eMEFexYfBjwEyw
DA:79,1,4HWIMfVCLhAWv1phZXY1ng
DA:80,1,fswtdieOekmLuVzrbgeFwA
DA:83,1,PCd+tTkojc+/9k3Gg2wfWw
DA:84,0,APy8sv1vBVX6MHZCmVJsgw
LF:53
LH:52
end_of_record
TN:
SF:tests\test_restock\__init__.py
DA:1,1,1B2M2Y8AsgTpgAmY7PhCfg
LF:0
LH:0
end_of_record
TN:
SF:tests\test_restock\test_priority_list.py
DA:1,1,E/tvV9JPVDhEcTCkgrwOFw
DA:2,1,mUDsnWRiqW9R9nTILGKIZg
DA:3,1,7Z9Lj4ed27Wf2hBX6jooEA
DA:6,1,7QIkgVa+K2IxpN+1jSzrbw
DA:9,1,2KtneHtYKJyRAcUu34XbXA
DA:10,1,oS+3VSVuLKsYlddvCwx7Ew
DA:13,1,phZsiOtj7Y5srX1Mz59Akg
DA:17,1,Al/u8E9QozC8yD/kF8NPfg
DA:19,1,4t3unBtqfWE7VX5A4FMSUQ
DA:20,1,JGfkdxbOtQT1fWZ2eI71iw
DA:21,1,sE8ciWY69i0sCvssgx9u4g
DA:23,1,btXq3irfRgkztho2uQ1+JA
DA:24,1,qozO/UxgAUXVlJBnYVCZQg
DA:26,1,mLqL26Q4s9SLooj4NBLe3w
DA:27,1,6irQzHVo2D4Ag80ChdvJ2w
DA:28,1,5Nmls5hVyMYvQbwX3m5v2A
DA:30,1,t5vC0Od0fzWOz295pwlz4g
DA:32,1,OMdRirXNcq3BS5hCa936vg
DA:33,1,JGfkdxbOtQT1fWZ2eI71iw
DA:34,1,IwOhtR1LIhw57CdnLB8yYw
DA:36,1,btXq3irfRgkztho2uQ1+JA
DA:37,1,qozO/UxgAUXVlJBnYVCZQg
DA:39,1,BKiE71b9c7WGnotr3eYyKQ
DA:41,1,jW5boEeWibTAXY3M4C8yZw
DA:42,1,JGfkdxbOtQT1fWZ2eI71iw
DA:43,1,sE8ciWY69i0sCvssgx9u4g
DA:45,1,btXq3irfRgkztho2uQ1+JA
DA:46,1,qozO/UxgAUXVlJBnYVCZQg
DA:48,1,w0vAxVWMbJs1yLbPYO4nzQ
DA:49,1,O1MzSrP+kA4thBLuvGHRfg
DA:50,1,oV+isiePYvGkF6PsM2i/oA
DA:51,1,3+pIK6g0h4qQ1AiGy1J0Xw
DA:52,1,rR9nax9CyxHYBh35/WQjhg
DA:54,1,EDp6c1gfkSrn2hsnF+wJ0g
DA:55,1,JGfkdxbOtQT1fWZ2eI71iw
DA:56,1,l6EWmkNMZO5ET1+/wXtVfA
DA:58,1,bUBFOofSxAENTT9XLfQpFw
DA:59,1,g4gLtUNrzbAGoL1lJCDEAg
DA:60,1,JGfkdxbOtQT1fWZ2eI71iw
DA:61,1,EU47GN6hZ5LdEUZl6Gi33g
DA:63,1,btXq3irfRgkztho2uQ1+JA
DA:64,1,qozO/UxgAUXVlJBnYVCZQg
DA:66,1,mLqL26Q4s9SLooj4NBLe3w
DA:67,1,6irQzHVo2D4Ag80ChdvJ2w
DA:68,1,5Nmls5hVyMYvQbwX3m5v2A
DA:70,1,UzNrq3/YQa35Pr0x109yZw
DA:72,1,Qku3GyFsehaM8jPYJtSlYQ
DA:73,1,JGfkdxbOtQT1fWZ2eI71iw
DA:74,1,miIux8K0TKdE24nmKSxmuQ
DA:76,1,bm55d0fD4ufUpNKgq5Gzvw
DA:77,1,JGfkdxbOtQT1fWZ2eI71iw
DA:78,1,N6X8AWqkWH3tBE1X1MyugA
DA:79,1,nNjH2vjAjyM8UKi8Ao98oQ
DA:80,1,zSZQxOqAq5YwCI9V2+xgFA
DA:81,1,aU11Gsb1ZaMQJFq5Nk3qEg
DA:85,1,PCd+tTkojc+/9k3Gg2wfWw
DA:86,0,APy8sv1vBVX6MHZCmVJsgw
LF:57
LH:56
end_of_record
TN:
SF:tests\test_restock\test_restock.py
DA:1,1,E/tvV9JPVDhEcTCkgrwOFw
DA:2,1,7Z9Lj4ed27Wf2hBX6jooEA
DA:3,1,mUDsnWRiqW9R9nTILGKIZg
DA:6,1,7QIkgVa+K2IxpN+1jSzrbw
DA:9,1,2KtneHtYKJyRAcUu34XbXA
DA:10,1,oS+3VSVuLKsYlddvCwx7Ew
DA:13,1,VUMUutkeb7RMrXcXg8qcxA
DA:14,1,ywFyXEymP+OlBeurKXt6+g
DA:15,1,RgUmyOxQ5z2jyc3WD2CxiQ
DA:17,1,d2PdI+vcodqzYX70Q62dLA
DA:19,1,WbzkXkBmpeE5Z8gSlIfuvA
DA:21,1,wLfxRZ7wPofIk8oEZ+oAvg
DA:22,1,GaVi645futA2TM/z3G9euw
DA:23,1,6rOA4EgDeBl87I/5+vYX+A
DA:24,1,aRKYXItGCNfKGS33L5Enmw
DA:25,1,Jb857Q9wRmO/m+TiwudLig
DA:27,1,p9lsQ3tFutNNzGWeQCIG7w
DA:29,1,0Lp9A3UFecO6BBZ2GwLUXA
DA:30,1,b6B4yo+PaNq2nhBsJQ/JdA
DA:32,1,PCd+tTkojc+/9k3Gg2wfWw
DA:33,0,APy8sv1vBVX6MHZCmVJsgw
LF:21
LH:20
end_of_record
TN:
SF:tests\test_utils\__init__.py
DA:1,1,1B2M2Y8AsgTpgAmY7PhCfg
LF:0
LH:0
end_of_record
TN:
SF:tests\test_utils\test_loader.py
DA:1,1,E/tvV9JPVDhEcTCkgrwOFw
DA:2,1,mUDsnWRiqW9R9nTILGKIZg
DA:3,1,7Z9Lj4ed27Wf2hBX6jooEA
DA:6,1,7QIkgVa+K2IxpN+1jSzrbw
DA:9,1,A5DfS4lzF78Eoc7dxE4ivg
DA:10,1,yQVOOklgbQv/CtyvX0CYaA
DA:13,1,ERWE4h7Xn11mKphXHIHVJA
DA:14,1,f6PGV7nmFhcMso1dUz/4zA
DA:15,1,phZsiOtj7Y5srX1Mz59Akg
DA:16,1,Xsi1MrgOWkbbzp+HgfY67Q
DA:19,1,tNQjmS9IfpIqACR5sAPG4A
DA:21,1,DOnoB7RV3o6Sfxb4jkj3Og
DA:23,1,pWFaeYEeyxkz6kmOL6wGjg
DA:24,1,96965ulQF388eBF2oMw4IA
DA:25,1,8i+gLAttAOBM96oe9tg0LA
DA:28,1,4Q+SG+E11gHFX2aVbr4IbA
DA:29,1,pWFaeYEeyxkz6kmOL6wGjg
DA:30,1,rJ7HuanXTHHb7Y9T2I8+Vg
DA:32,1,FZqwRXDYdQfuhoRS3XMkZw
DA:35,1,ZtNX+FO3xkeUF6NC5XlxwQ
DA:36,1,L/Wrfmpy+dinXWhSiGEPPw
DA:39,1,ZBH35msij5HNgvTbluSlIw
DA:40,1,T4eKBe4SD3aPsv051chGRg
DA:41,1,Ao52tHXeK1fb4DpbjK506A
DA:44,1,2OWv+w8BmSeml6/dSJAKPg
DA:45,1,CJ7MSaBGGkLHN+W4PH4vJg
DA:46,1,PCd+tTkojc+/9k3Gg2wfWw
DA:47,0,APy8sv1vBVX6MHZCmVJsgw
LF:28
LH:27
end_of_record
